[2023-03-27 14:57:50] local.ERROR: You application must have a secure (https) url in order to accept webhook calls {"exception":"[object] (DefStudio\\Telegraph\\Exceptions\\TelegramWebhookException(code: 0): You application must have a secure (https) url in order to accept webhook calls at F:\\OSPanel\\domains\\food-bot-area\\vendor\\defstudio\\telegraph\\src\\Exceptions\\TelegramWebhookException.php:24)
[stacktrace]
#0 F:\\OSPanel\\domains\\food-bot-area\\vendor\\defstudio\\telegraph\\src\\Concerns\\InteractsWithWebhooks.php(23): DefStudio\\Telegraph\\Exceptions\\TelegramWebhookException::invalidScheme()
#1 F:\\OSPanel\\domains\\food-bot-area\\vendor\\defstudio\\telegraph\\src\\Concerns\\InteractsWithWebhooks.php(38): DefStudio\\Telegraph\\Telegraph->getWebhookUrl()
#2 F:\\OSPanel\\domains\\food-bot-area\\vendor\\defstudio\\telegraph\\src\\Models\\TelegraphBot.php(99): DefStudio\\Telegraph\\Telegraph->registerWebhook()
#3 F:\\OSPanel\\domains\\food-bot-area\\vendor\\defstudio\\telegraph\\src\\Commands\\SetTelegramWebhookCommand.php(32): DefStudio\\Telegraph\\Models\\TelegraphBot->registerWebhook()
#4 F:\\OSPanel\\domains\\food-bot-area\\vendor\\laravel\\framework\\src\\Illuminate\\Container\\BoundMethod.php(36): DefStudio\\Telegraph\\Commands\\SetTelegramWebhookCommand->handle()
#5 F:\\OSPanel\\domains\\food-bot-area\\vendor\\laravel\\framework\\src\\Illuminate\\Container\\Util.php(41): Illuminate\\Container\\BoundMethod::Illuminate\\Container\\{closure}()
#6 F:\\OSPanel\\domains\\food-bot-area\\vendor\\laravel\\framework\\src\\Illuminate\\Container\\BoundMethod.php(93): Illuminate\\Container\\Util::unwrapIfClosure()
#7 F:\\OSPanel\\domains\\food-bot-area\\vendor\\laravel\\framework\\src\\Illuminate\\Container\\BoundMethod.php(37): Illuminate\\Container\\BoundMethod::callBoundMethod()
#8 F:\\OSPanel\\domains\\food-bot-area\\vendor\\laravel\\framework\\src\\Illuminate\\Container\\Container.php(661): Illuminate\\Container\\BoundMethod::call()
#9 F:\\OSPanel\\domains\\food-bot-area\\vendor\\laravel\\framework\\src\\Illuminate\\Console\\Command.php(194): Illuminate\\Container\\Container->call()
#10 F:\\OSPanel\\domains\\food-bot-area\\vendor\\symfony\\console\\Command\\Command.php(312): Illuminate\\Console\\Command->execute()
#11 F:\\OSPanel\\domains\\food-bot-area\\vendor\\laravel\\framework\\src\\Illuminate\\Console\\Command.php(164): Symfony\\Component\\Console\\Command\\Command->run()
#12 F:\\OSPanel\\domains\\food-bot-area\\vendor\\symfony\\console\\Application.php(1040): Illuminate\\Console\\Command->run()
#13 F:\\OSPanel\\domains\\food-bot-area\\vendor\\symfony\\console\\Application.php(314): Symfony\\Component\\Console\\Application->doRunCommand()
#14 F:\\OSPanel\\domains\\food-bot-area\\vendor\\symfony\\console\\Application.php(168): Symfony\\Component\\Console\\Application->doRun()
#15 F:\\OSPanel\\domains\\food-bot-area\\vendor\\laravel\\framework\\src\\Illuminate\\Foundation\\Console\\Kernel.php(200): Symfony\\Component\\Console\\Application->run()
#16 F:\\OSPanel\\domains\\food-bot-area\\artisan(37): Illuminate\\Foundation\\Console\\Kernel->handle()
#17 {main}
"} 
